<?xml version="1.0" encoding="UTF-8"?>
<testsuite xmlns:xsi="http://www.w3.org/2001/XMLSchema-instance" xsi:schemaLocation="https://maven.apache.org/surefire/maven-surefire-plugin/xsd/surefire-test-report.xsd" name="tn.esprit.spring.service.MissionServiceImplTest" time="6.144" tests="4" errors="1" skipped="0" failures="0">
  <properties>
[...]
</properties>
  <testcase name="testAddMission" classname="tn.esprit.spring.service.MissionServiceImplTest" time="0.206"/>
  <testcase name="testRetrieveMission" classname="tn.esprit.spring.service.MissionServiceImplTest" time="0.189"/>
  <testcase name="testUpdateMission" classname="tn.esprit.spring.service.MissionServiceImplTest" time="0.024"/>
  <testcase name="testdeleteMission" classname="tn.esprit.spring.service.MissionServiceImplTest" time="0.019">
    <error message="No class tn.esprit.spring.entities.Mission entity with id 1 exists!" type="org.springframework.dao.EmptyResultDataAccessException">org.springframework.dao.EmptyResultDataAccessException: No class tn.esprit.spring.entities.Mission entity with id 1 exists!
	at tn.esprit.spring.service.MissionServiceImplTest.testdeleteMission(MissionServiceImplTest.java:49)
</error>
    <system-out><![CDATA[Hibernate: select mission0_.id as id2_0_0_, mission0_.description as descript3_0_0_, mission0_.name as name4_0_0_, mission0_.email_facturation as email_fa5_0_0_, mission0_.taux_journalier_moyen as taux_jou6_0_0_, mission0_.dtype as dtype1_0_0_ from mission mission0_ where mission0_.id=?
]]></system-out>
  </testcase>
</testsuite>