-------------------------------------------------------------------------------
Test set: tn.esprit.spring.service.UserServiceImplTest
-------------------------------------------------------------------------------
Tests run: 5, Failures: 0, Errors: 5, Skipped: 0, Time elapsed: 5.281 sec <<< FAILURE! - in tn.esprit.spring.service.UserServiceImplTest
testAddUser(tn.esprit.spring.service.UserServiceImplTest)  Time elapsed: 0.004 sec  <<< ERROR!
java.lang.IllegalStateException: Failed to load ApplicationContext
Caused by: org.springframework.beans.factory.BeanCreationException: Error creating bean with name 'entityManagerFactory' defined in class path resource [org/springframework/boot/autoconfigure/orm/jpa/HibernateJpaConfiguration.class]: Invocation of init method failed; nested exception is org.hibernate.AnnotationException: Unknown mappedBy in: tn.esprit.spring.entities.Contrat.employe, referenced property unknown: tn.esprit.spring.entities.Employe.contrat
Caused by: org.hibernate.AnnotationException: Unknown mappedBy in: tn.esprit.spring.entities.Contrat.employe, referenced property unknown: tn.esprit.spring.entities.Employe.contrat

testRetrieveAllUsers(tn.esprit.spring.service.UserServiceImplTest)  Time elapsed: 0 sec  <<< ERROR!
java.lang.IllegalStateException: Failed to load ApplicationContext
Caused by: org.springframework.beans.factory.BeanCreationException: Error creating bean with name 'entityManagerFactory' defined in class path resource [org/springframework/boot/autoconfigure/orm/jpa/HibernateJpaConfiguration.class]: Invocation of init method failed; nested exception is org.hibernate.AnnotationException: Unknown mappedBy in: tn.esprit.spring.entities.Contrat.employe, referenced property unknown: tn.esprit.spring.entities.Employe.contrat
Caused by: org.hibernate.AnnotationException: Unknown mappedBy in: tn.esprit.spring.entities.Contrat.employe, referenced property unknown: tn.esprit.spring.entities.Employe.contrat

testModifyUser(tn.esprit.spring.service.UserServiceImplTest)  Time elapsed: 0 sec  <<< ERROR!
java.lang.IllegalStateException: Failed to load ApplicationContext
Caused by: org.springframework.beans.factory.BeanCreationException: Error creating bean with name 'entityManagerFactory' defined in class path resource [org/springframework/boot/autoconfigure/orm/jpa/HibernateJpaConfiguration.class]: Invocation of init method failed; nested exception is org.hibernate.AnnotationException: Unknown mappedBy in: tn.esprit.spring.entities.Contrat.employe, referenced property unknown: tn.esprit.spring.entities.Employe.contrat
Caused by: org.hibernate.AnnotationException: Unknown mappedBy in: tn.esprit.spring.entities.Contrat.employe, referenced property unknown: tn.esprit.spring.entities.Employe.contrat

testDeleteUser(tn.esprit.spring.service.UserServiceImplTest)  Time elapsed: 0 sec  <<< ERROR!
java.lang.IllegalStateException: Failed to load ApplicationContext
Caused by: org.springframework.beans.factory.BeanCreationException: Error creating bean with name 'entityManagerFactory' defined in class path resource [org/springframework/boot/autoconfigure/orm/jpa/HibernateJpaConfiguration.class]: Invocation of init method failed; nested exception is org.hibernate.AnnotationException: Unknown mappedBy in: tn.esprit.spring.entities.Contrat.employe, referenced property unknown: tn.esprit.spring.entities.Employe.contrat
Caused by: org.hibernate.AnnotationException: Unknown mappedBy in: tn.esprit.spring.entities.Contrat.employe, referenced property unknown: tn.esprit.spring.entities.Employe.contrat

testRetrieveUser(tn.esprit.spring.service.UserServiceImplTest)  Time elapsed: 0 sec  <<< ERROR!
java.lang.IllegalStateException: Failed to load ApplicationContext
Caused by: org.springframework.beans.factory.BeanCreationException: Error creating bean with name 'entityManagerFactory' defined in class path resource [org/springframework/boot/autoconfigure/orm/jpa/HibernateJpaConfiguration.class]: Invocation of init method failed; nested exception is org.hibernate.AnnotationException: Unknown mappedBy in: tn.esprit.spring.entities.Contrat.employe, referenced property unknown: tn.esprit.spring.entities.Employe.contrat
Caused by: org.hibernate.AnnotationException: Unknown mappedBy in: tn.esprit.spring.entities.Contrat.employe, referenced property unknown: tn.esprit.spring.entities.Employe.contrat

